<?xml version="1.0" encoding="UTF-8"?>
<!-- Generated by org.testng.reporters.JUnitReportReporter -->
<testsuite hostname="P5-H7XQX52" name="org.SeleniumAdvancve.NewTest" tests="2" failures="0" timestamp="16 May 2018 09:09:13 GMT" time="0.008" errors="0">
  <testcase name="f" time="0.002" classname="org.SeleniumAdvancve.NewTest"/>
  <testcase name="f" time="0.006" classname="org.SeleniumAdvancve.NewTest"/>
</testsuite> <!-- org.SeleniumAdvancve.NewTest -->
