<?xml version="1.0" encoding="UTF-8"?>
<!-- Generated by org.testng.reporters.JUnitReportReporter -->
<testsuite hostname="P5-H7XQX52" name="org.SeleniumAdvancve.Day1" tests="1" failures="0" timestamp="16 May 2018 07:00:57 GMT" time="0.002" errors="0">
  <testcase name="f" time="0.002" classname="org.SeleniumAdvancve.Day1"/>
</testsuite> <!-- org.SeleniumAdvancve.Day1 -->
