<?xml version="1.0" encoding="UTF-8"?>
<!-- Generated by org.testng.reporters.JUnitReportReporter -->
<testsuite hostname="P5-H7XQX52" name="org.SeleniumAdvancve.NewTest6" tests="1" failures="0" timestamp="16 May 2018 12:26:39 GMT" time="1.803" errors="0">
  <testcase name="loginpage" time="1.803" classname="org.SeleniumAdvancve.NewTest6"/>
</testsuite> <!-- org.SeleniumAdvancve.NewTest6 -->
