<?xml version="1.0" encoding="UTF-8"?>
<!-- Generated by org.testng.reporters.JUnitReportReporter -->
<testsuite hostname="P5-H7XQX52" name="utility.LoginTestMeApp" tests="1" failures="0" timestamp="17 May 2018 06:37:11 GMT" time="1.481" errors="0">
  <testcase name="testme_login" time="1.481" classname="utility.LoginTestMeApp"/>
</testsuite> <!-- utility.LoginTestMeApp -->
