<?xml version="1.0" encoding="UTF-8"?>
<!-- Generated by org.testng.reporters.JUnitReportReporter -->
<testsuite hostname="P5-H7XQX52" name="org.SeleniumAdvancve.NewTest3" tests="3" failures="0" timestamp="16 May 2018 09:12:00 GMT" time="0.015" errors="0">
  <testcase name="login" time="0.003" classname="org.SeleniumAdvancve.NewTest3"/>
  <testcase name="login" time="0.004" classname="org.SeleniumAdvancve.NewTest3"/>
  <testcase name="login" time="0.008" classname="org.SeleniumAdvancve.NewTest3"/>
</testsuite> <!-- org.SeleniumAdvancve.NewTest3 -->
