<?xml version="1.0" encoding="UTF-8"?>
<!-- Generated by org.testng.reporters.JUnitReportReporter -->
<testsuite hostname="P5-H7XQX52" name="org.SeleniumAdvancve.NewTest5" tests="1" failures="0" timestamp="16 May 2018 11:06:52 GMT" time="0.011" errors="0">
  <testcase name="register" time="0.011" classname="org.SeleniumAdvancve.NewTest5"/>
</testsuite> <!-- org.SeleniumAdvancve.NewTest5 -->
