<?xml version="1.0" encoding="UTF-8"?>
<!-- Generated by org.testng.reporters.JUnitReportReporter -->
<testsuite hostname="P5-H7XQX52" name="org.SeleniumAdvancve.NewTest4" tests="2" failures="0" timestamp="16 May 2018 09:21:14 GMT" time="0.011" errors="0">
  <testcase name="f" time="0.002" classname="org.SeleniumAdvancve.NewTest4"/>
  <testcase name="f" time="0.009" classname="org.SeleniumAdvancve.NewTest4"/>
</testsuite> <!-- org.SeleniumAdvancve.NewTest4 -->
